<?xml version="1.0" encoding="UTF-8"?>
<!-- Generated by org.testng.reporters.JUnitXMLReporter -->
<testsuite ignored="0" hostname="DESKTOP-CD64S2Q" failures="1" tests="1" name="Test" time="0.04" errors="0" timestamp="2021-09-01T15:52:20 IRDT">
  <testcase classname="P01_Application.P02_DataWarehouse.BasicInformation.Dimensions.SimpleBasicInformation.testCase.TestCase_CreateBasicInformaion_AlphabetOderby" name="f" time="0.016">
    <failure type="org.testng.internal.reflect.MethodMatcherException" message="
[public void P01_Application.P02_DataWarehouse.BasicInformation.Dimensions.SimpleBasicInformation.testCase.TestCase_CreateBasicInformaion_AlphabetOderby.f(java.lang.String,java.lang.String)] has no parameters defined but was found to be using a data provider (either explicitly specified or inherited from class level annotation).
Data provider mismatch
Method: f([Parameter{index=0, type=java.lang.String, declaredAnnotations=[]}, Parameter{index=1, type=java.lang.String, declaredAnnotations=[]}])
Arguments: [(java.lang.String) Ø¬Ù†Ø³ÛŒØª]">
      <![CDATA[org.testng.internal.reflect.MethodMatcherException: 
[public void P01_Application.P02_DataWarehouse.BasicInformation.Dimensions.SimpleBasicInformation.testCase.TestCase_CreateBasicInformaion_AlphabetOderby.f(java.lang.String,java.lang.String)] has no parameters defined but was found to be using a data provider (either explicitly specified or inherited from class level annotation).
Data provider mismatch
Method: f([Parameter{index=0, type=java.lang.String, declaredAnnotations=[]}, Parameter{index=1, type=java.lang.String, declaredAnnotations=[]}])
Arguments: [(java.lang.String) Ø¬Ù†Ø³ÛŒØª]
at java.base/java.util.ArrayList.forEach(ArrayList.java:1511)
... Removed 22 stack frames]]>
    </failure>
  </testcase> <!-- f -->
</testsuite> <!-- Test -->
